Sun Oct  8 15:06:12 IST 2023
Directory already exist.

Directory already exist.

J: 
  0   1   0   0   0   0   0   0   0   0 0.1   0
  1   0   1 0.1   0   0   0   0   0   0   0 0.1
  0   1   0   0 0.1   0   0   0   0   0   0   0
  0 0.1   0   0   1   0   0   0   0   0   0   0
  0   0 0.1   1   0   1 0.1   0   0   0   0   0
  0   0   0   0   1   0   0 0.1   0   0   0   0
  0   0   0   0 0.1   0   0   1   0   0   0   0
  0   0   0   0   0 0.1   1   0   1 0.1   0   0
  0   0   0   0   0   0   0   1   0   0 0.1   0
  0   0   0   0   0   0   0 0.1   0   0   1   0
0.1   0   0   0   0   0   0   0 0.1   1   0   1
  0 0.1   0   0   0   0   0   0   0   0   1   0

t: 
   0   -1    0    0    0    0    0    0    0    0 -0.1    0
  -1    0   -1 -0.1    0    0    0    0    0    0    0 -0.1
   0   -1    0    0 -0.1    0    0    0    0    0    0    0
   0 -0.1    0    0   -1    0    0    0    0    0    0    0
   0    0 -0.1   -1    0   -1 -0.1    0    0    0    0    0
   0    0    0    0   -1    0    0 -0.1    0    0    0    0
   0    0    0    0 -0.1    0    0   -1    0    0    0    0
   0    0    0    0    0 -0.1   -1    0   -1 -0.1    0    0
   0    0    0    0    0    0    0   -1    0    0 -0.1    0
   0    0    0    0    0    0    0 -0.1    0    0   -1    0
-0.1    0    0    0    0    0    0    0 -0.1   -1    0   -1
   0 -0.1    0    0    0    0    0    0    0    0   -1    0

n_up:  6
n_down:  6
Hilbertspace dimention:  924

n_up:  7
n_down:  5
Hilbertspace dimention: 792

n_up:  5
n_down:  7
Hilbertspace dimention: 792

Directory already exist.

Directory already exist.

Time for full calculation search:  39795   
Sun Oct  8 15:06:52 IST 2023
